This is pdfTeX, Version 3.14159265-2.6-1.40.17 (TeX Live 2016/Debian) (preloaded format=pdflatex 2017.5.16)  28 JUN 2017 08:49
entering extended mode
 restricted \write18 enabled.
 %&-line parsing enabled.
**Manual.tex
(./Manual.tex
LaTeX2e <2016/03/31> patch level 3
Babel <3.9r> and hyphenation patterns for 83 language(s) loaded.
(./tufte-book.cls
Document Class: tufte-book 2009/12/11 v3.5.0 Tufte-book class
(./tufte-common.def
File: tufte-common.def 2009/12/11 v3.5.0 Common code for the Tufte-LaTeX styles


(/usr/share/texlive/texmf-dist/tex/latex/xkeyval/xkeyval.sty
Package: xkeyval 2014/12/03 v2.7a package option processing (HA)

(/usr/share/texlive/texmf-dist/tex/generic/xkeyval/xkeyval.tex
(/usr/share/texlive/texmf-dist/tex/generic/xkeyval/xkvutils.tex
\XKV@toks=\toks14
\XKV@tempa@toks=\toks15

(/usr/share/texlive/texmf-dist/tex/generic/xkeyval/keyval.tex))
\XKV@depth=\count79
File: xkeyval.tex 2014/12/03 v2.7a key=value parser (HA)
))
(/usr/share/texlive/texmf-dist/tex/latex/xifthen/xifthen.sty
Package: xifthen 2015/11/05 v1.4.0 Extended ifthen features

(/usr/share/texlive/texmf-dist/tex/latex/tools/calc.sty
Package: calc 2014/10/28 v4.3 Infix arithmetic (KKT,FJ)
\calc@Acount=\count80
\calc@Bcount=\count81
\calc@Adimen=\dimen102
\calc@Bdimen=\dimen103
\calc@Askip=\skip41
\calc@Bskip=\skip42
LaTeX Info: Redefining \setlength on input line 80.
LaTeX Info: Redefining \addtolength on input line 81.
\calc@Ccount=\count82
\calc@Cskip=\skip43
)
(/usr/share/texlive/texmf-dist/tex/latex/base/ifthen.sty
Package: ifthen 2014/09/29 v1.1c Standard LaTeX ifthen package (DPC)
)
(/usr/share/texlive/texmf-dist/tex/latex/ifmtarg/ifmtarg.sty
Package: ifmtarg 2009/09/02 v1.2a check for an empty argument
))
Class tufte-book Info: The `symmetric' option implies `twoside'.
Class tufte-book Info: Passing the `twoside' option to the `book' class.
Class tufte-book Info: Loading the base class `book'.

(/usr/share/texlive/texmf-dist/tex/latex/base/book.cls
Document Class: book 2014/09/29 v1.4h Standard LaTeX document class
(/usr/share/texlive/texmf-dist/tex/latex/base/bk10.clo
File: bk10.clo 2014/09/29 v1.4h Standard LaTeX file (size option)
)
\c@part=\count83
\c@chapter=\count84
\c@section=\count85
\c@subsection=\count86
\c@subsubsection=\count87
\c@paragraph=\count88
\c@subparagraph=\count89
\c@figure=\count90
\c@table=\count91
\abovecaptionskip=\skip44
\belowcaptionskip=\skip45
\bibindent=\dimen104
)
(/usr/share/texlive/texmf-dist/tex/generic/oberdiek/ifpdf.sty
Package: ifpdf 2016/05/14 v3.1 Provides the ifpdf switch
)
(/usr/share/texlive/texmf-dist/tex/generic/ifxetex/ifxetex.sty
Package: ifxetex 2010/09/12 v0.6 Provides ifxetex conditional
)
(/usr/share/texlive/texmf-dist/tex/latex/titlesec/titlesec.sty
Package: titlesec 2016/03/21 v2.10.2 Sectioning titles
\ttl@box=\box26
\beforetitleunit=\skip46
\aftertitleunit=\skip47
\ttl@plus=\dimen105
\ttl@minus=\dimen106
\ttl@toksa=\toks16
\titlewidth=\dimen107
\titlewidthlast=\dimen108
\titlewidthfirst=\dimen109
)
(/usr/share/texlive/texmf-dist/tex/latex/titlesec/titletoc.sty
Package: titletoc 2011/12/15 v1.6 TOC entries
\ttl@leftsep=\dimen110
)
(/usr/share/texlive/texmf-dist/tex/latex/hyperref/hyperref.sty
Package: hyperref 2016/06/24 v6.83q Hypertext links for LaTeX

(/usr/share/texlive/texmf-dist/tex/generic/oberdiek/hobsub-hyperref.sty
Package: hobsub-hyperref 2016/05/16 v1.14 Bundle oberdiek, subset hyperref (HO)


(/usr/share/texlive/texmf-dist/tex/generic/oberdiek/hobsub-generic.sty
Package: hobsub-generic 2016/05/16 v1.14 Bundle oberdiek, subset generic (HO)
Package: hobsub 2016/05/16 v1.14 Construct package bundles (HO)
Package: infwarerr 2016/05/16 v1.4 Providing info/warning/error messages (HO)
Package: ltxcmds 2016/05/16 v1.23 LaTeX kernel commands for general use (HO)
Package: ifluatex 2016/05/16 v1.4 Provides the ifluatex switch (HO)
Package ifluatex Info: LuaTeX not detected.
Package: ifvtex 2016/05/16 v1.6 Detect VTeX and its facilities (HO)
Package ifvtex Info: VTeX not detected.
Package: intcalc 2016/05/16 v1.2 Expandable calculations with integers (HO)
Package hobsub Info: Skipping package `ifpdf' (already loaded).
Package: etexcmds 2016/05/16 v1.6 Avoid name clashes with e-TeX commands (HO)
Package etexcmds Info: Could not find \expanded.
(etexcmds)             That can mean that you are not using pdfTeX 1.50 or
(etexcmds)             that some package has redefined \expanded.
(etexcmds)             In the latter case, load this package earlier.
Package: kvsetkeys 2016/05/16 v1.17 Key value parser (HO)
Package: kvdefinekeys 2016/05/16 v1.4 Define keys (HO)
Package: pdftexcmds 2016/05/21 v0.22 Utility functions of pdfTeX for LuaTeX (HO
)
Package pdftexcmds Info: LuaTeX not detected.
Package pdftexcmds Info: \pdf@primitive is available.
Package pdftexcmds Info: \pdf@ifprimitive is available.
Package pdftexcmds Info: \pdfdraftmode found.
Package: pdfescape 2016/05/16 v1.14 Implements pdfTeX's escape features (HO)
Package: bigintcalc 2016/05/16 v1.4 Expandable calculations on big integers (HO
)
Package: bitset 2016/05/16 v1.2 Handle bit-vector datatype (HO)
Package: uniquecounter 2016/05/16 v1.3 Provide unlimited unique counter (HO)
)
Package hobsub Info: Skipping package `hobsub' (already loaded).
Package: letltxmacro 2016/05/16 v1.5 Let assignment for LaTeX macros (HO)
Package: hopatch 2016/05/16 v1.3 Wrapper for package hooks (HO)
Package: xcolor-patch 2016/05/16 xcolor patch
Package: atveryend 2016/05/16 v1.9 Hooks at the very end of document (HO)
Package atveryend Info: \enddocument detected (standard20110627).
Package: atbegshi 2016/06/09 v1.18 At begin shipout hook (HO)
Package: refcount 2016/05/16 v3.5 Data extraction from label references (HO)
Package: hycolor 2016/05/16 v1.8 Color options for hyperref/bookmark (HO)
)
(/usr/share/texlive/texmf-dist/tex/latex/oberdiek/auxhook.sty
Package: auxhook 2016/05/16 v1.4 Hooks for auxiliary files (HO)
)
(/usr/share/texlive/texmf-dist/tex/latex/oberdiek/kvoptions.sty
Package: kvoptions 2016/05/16 v3.12 Key value format for package options (HO)
)
\@linkdim=\dimen111
\Hy@linkcounter=\count92
\Hy@pagecounter=\count93

(/usr/share/texlive/texmf-dist/tex/latex/hyperref/pd1enc.def
File: pd1enc.def 2016/06/24 v6.83q Hyperref: PDFDocEncoding definition (HO)
)
\Hy@SavedSpaceFactor=\count94

(/usr/share/texlive/texmf-dist/tex/latex/latexconfig/hyperref.cfg
File: hyperref.cfg 2002/06/06 v1.2 hyperref configuration of TeXLive
)
Package hyperref Info: Option `unicode' set `true' on input line 4362.

(/usr/share/texlive/texmf-dist/tex/latex/hyperref/puenc.def
File: puenc.def 2016/06/24 v6.83q Hyperref: PDF Unicode definition (HO)
)
Package hyperref Info: Option `hyperfootnotes' set `false' on input line 4362.
Package hyperref Info: Hyper figures OFF on input line 4486.
Package hyperref Info: Link nesting OFF on input line 4491.
Package hyperref Info: Hyper index ON on input line 4494.
Package hyperref Info: Plain pages OFF on input line 4501.
Package hyperref Info: Backreferencing OFF on input line 4506.
Package hyperref Info: Implicit mode ON; LaTeX internals redefined.
Package hyperref Info: Bookmarks ON on input line 4735.
\c@Hy@tempcnt=\count95

(/usr/share/texlive/texmf-dist/tex/latex/url/url.sty
\Urlmuskip=\muskip10
Package: url 2013/09/16  ver 3.4  Verb mode for urls, etc.
)
LaTeX Info: Redefining \url on input line 5088.
\XeTeXLinkMargin=\dimen112
\Fld@menulength=\count96
\Field@Width=\dimen113
\Fld@charsize=\dimen114
Package hyperref Info: Hyper figures OFF on input line 6342.
Package hyperref Info: Link nesting OFF on input line 6347.
Package hyperref Info: Hyper index ON on input line 6350.
Package hyperref Info: backreferencing OFF on input line 6357.
Package hyperref Info: Link coloring OFF on input line 6362.
Package hyperref Info: Link coloring with OCG OFF on input line 6367.
Package hyperref Info: PDF/A mode OFF on input line 6372.
LaTeX Info: Redefining \ref on input line 6412.
LaTeX Info: Redefining \pageref on input line 6416.
\Hy@abspage=\count97
\c@Item=\count98
)

Package hyperref Message: Driver (autodetected): hpdftex.

(/usr/share/texlive/texmf-dist/tex/latex/hyperref/hpdftex.def
File: hpdftex.def 2016/06/24 v6.83q Hyperref driver for pdfTeX
\Fld@listcount=\count99
\c@bookmark@seq@number=\count100

(/usr/share/texlive/texmf-dist/tex/latex/oberdiek/rerunfilecheck.sty
Package: rerunfilecheck 2016/05/16 v1.8 Rerun checks for auxiliary files (HO)
Package uniquecounter Info: New unique counter `rerunfilecheck' on input line 2
82.
)
\Hy@SectionHShift=\skip48
)

Package hyperref Warning: Option `pagecolor' is not available anymore.

(/usr/share/texlive/texmf-dist/tex/latex/ms/ragged2e.sty
Package: ragged2e 2009/05/21 v2.1 ragged2e Package (MS)

(/usr/share/texlive/texmf-dist/tex/latex/ms/everysel.sty
Package: everysel 2011/10/28 v1.2 EverySelectfont Package (MS)
)
\CenteringLeftskip=\skip49
\RaggedLeftLeftskip=\skip50
\RaggedRightLeftskip=\skip51
\CenteringRightskip=\skip52
\RaggedLeftRightskip=\skip53
\RaggedRightRightskip=\skip54
\CenteringParfillskip=\skip55
\RaggedLeftParfillskip=\skip56
\RaggedRightParfillskip=\skip57
\JustifyingParfillskip=\skip58
\CenteringParindent=\skip59
\RaggedLeftParindent=\skip60
\RaggedRightParindent=\skip61
\JustifyingParindent=\skip62
)
(/usr/share/texlive/texmf-dist/tex/latex/geometry/geometry.sty
Package: geometry 2010/09/12 v5.6 Page Geometry
\Gm@cnth=\count101
\Gm@cntv=\count102
\c@Gm@tempcnt=\count103
\Gm@bindingoffset=\dimen115
\Gm@wd@mp=\dimen116
\Gm@odd@mp=\dimen117
\Gm@even@mp=\dimen118
\Gm@layoutwidth=\dimen119
\Gm@layoutheight=\dimen120
\Gm@layouthoffset=\dimen121
\Gm@layoutvoffset=\dimen122
\Gm@dimlist=\toks17
)
(/usr/share/texlive/texmf-dist/tex/latex/changepage/changepage.sty
Package: changepage 2009/10/20 v1.0c check page and change page layout
\c@cp@cntr=\count104
\cp@tempcnt=\count105
)
\@tufte@overhang=\skip63
\@tufte@fullwidth=\skip64
\@tufte@caption@fill=\skip65

(/usr/share/texlive/texmf-dist/tex/latex/paralist/paralist.sty
Package: paralist 2016/08/07 v2.6 Extended list environments
\pltopsep=\skip66
\plpartopsep=\skip67
\plitemsep=\skip68
\plparsep=\skip69
\pl@lab=\toks18
)
(/usr/share/texlive/texmf-dist/tex/latex/textcase/textcase.sty
Package: textcase 2004/10/07 v0.07 Text only upper/lower case changing (DPC)
)
(/usr/share/texlive/texmf-dist/tex/latex/microtype/letterspace.sty
Package: letterspace 2016/05/14 v2.6a Robust letterspacing (RS)
LaTeX Info: Redefining \lsstyle on input line 346.
LaTeX Info: Redefining \lslig on input line 347.
LaTeX Info: Redefining \textls on input line 372.
\MT@outer@kern=\dimen123
)
(/usr/share/texlive/texmf-dist/tex/latex/setspace/setspace.sty
Package: setspace 2011/12/19 v6.7a set line spacing
)
(/usr/share/texlive/texmf-dist/tex/latex/natbib/natbib.sty
Package: natbib 2010/09/13 8.31b (PWD, AO)
\bibhang=\skip70
\bibsep=\skip71
LaTeX Info: Redefining \cite on input line 694.
\c@NAT@ctr=\count106
)
(/usr/share/texlive/texmf-dist/tex/latex/natbib/bibentry.sty
Package: bibentry 2007/10/30 1.5 (PWD)
) (./Manual.bbl)
\c@@tufte@num@bibkeys=\count107

(/usr/share/texlive/texmf-dist/tex/latex/sauerj/optparams.sty
Package: optparams 2004/08/14 v0.9 multiple optional parameters in macros
)
\@tufte@sidenote@vertical@offset=\skip72

(/usr/share/texlive/texmf-dist/tex/latex/placeins/placeins.sty
Package: placeins 2005/04/18  v 2.2
)
\@tufte@margin@floatbox=\box27
\@tufte@figure@box=\box28
\@tufte@caption@box=\box29
\@tufte@caption@vertical@offset=\skip73
\@tufte@float@contents@width=\skip74

(/usr/share/texlive/texmf-dist/tex/latex/psnfss/mathpazo.sty
Package: mathpazo 2005/04/12 PSNFSS-v9.2a Palatino w/ Pazo Math (D.Puga, WaS) 
\symupright=\mathgroup4
)
(/usr/share/texlive/texmf-dist/tex/latex/psnfss/helvet.sty
Package: helvet 2005/04/12 PSNFSS-v9.2a (WaS) 
)
(/usr/share/texlive/texmf-dist/tex/latex/bera/beramono.sty
Package: beramono 2004/01/31 (WaS)
)
(/usr/share/texlive/texmf-dist/tex/latex/base/fontenc.sty
Package: fontenc 2016/06/19 v1.99m Standard LaTeX package

(/usr/share/texlive/texmf-dist/tex/latex/base/t1enc.def
File: t1enc.def 2016/06/19 v1.99m Standard LaTeX file
LaTeX Font Info:    Redeclaring font encoding T1 on input line 48.
))
(/usr/share/texlive/texmf-dist/tex/latex/base/textcomp.sty
Package: textcomp 2016/06/19 v1.99m Standard LaTeX package
Package textcomp Info: Sub-encoding information:
(textcomp)               5 = only ISO-Adobe without \textcurrency
(textcomp)               4 = 5 + \texteuro
(textcomp)               3 = 4 + \textohm
(textcomp)               2 = 3 + \textestimated + \textcurrency
(textcomp)               1 = TS1 - \textcircled - \t
(textcomp)               0 = TS1 (full)
(textcomp)             Font families with sub-encoding setting implement
(textcomp)             only a restricted character set as indicated.
(textcomp)             Family '?' is the default used for unknown fonts.
(textcomp)             See the documentation for details.
Package textcomp Info: Setting ? sub-encoding to TS1/1 on input line 79.

(/usr/share/texlive/texmf-dist/tex/latex/base/ts1enc.def
File: ts1enc.def 2001/06/05 v3.0e (jk/car/fm) Standard LaTeX file
)
LaTeX Info: Redefining \oldstylenums on input line 334.
Package textcomp Info: Setting cmr sub-encoding to TS1/0 on input line 349.
Package textcomp Info: Setting cmss sub-encoding to TS1/0 on input line 350.
Package textcomp Info: Setting cmtt sub-encoding to TS1/0 on input line 351.
Package textcomp Info: Setting cmvtt sub-encoding to TS1/0 on input line 352.
Package textcomp Info: Setting cmbr sub-encoding to TS1/0 on input line 353.
Package textcomp Info: Setting cmtl sub-encoding to TS1/0 on input line 354.
Package textcomp Info: Setting ccr sub-encoding to TS1/0 on input line 355.
Package textcomp Info: Setting ptm sub-encoding to TS1/4 on input line 356.
Package textcomp Info: Setting pcr sub-encoding to TS1/4 on input line 357.
Package textcomp Info: Setting phv sub-encoding to TS1/4 on input line 358.
Package textcomp Info: Setting ppl sub-encoding to TS1/3 on input line 359.
Package textcomp Info: Setting pag sub-encoding to TS1/4 on input line 360.
Package textcomp Info: Setting pbk sub-encoding to TS1/4 on input line 361.
Package textcomp Info: Setting pnc sub-encoding to TS1/4 on input line 362.
Package textcomp Info: Setting pzc sub-encoding to TS1/4 on input line 363.
Package textcomp Info: Setting bch sub-encoding to TS1/4 on input line 364.
Package textcomp Info: Setting put sub-encoding to TS1/5 on input line 365.
Package textcomp Info: Setting uag sub-encoding to TS1/5 on input line 366.
Package textcomp Info: Setting ugq sub-encoding to TS1/5 on input line 367.
Package textcomp Info: Setting ul8 sub-encoding to TS1/4 on input line 368.
Package textcomp Info: Setting ul9 sub-encoding to TS1/4 on input line 369.
Package textcomp Info: Setting augie sub-encoding to TS1/5 on input line 370.
Package textcomp Info: Setting dayrom sub-encoding to TS1/3 on input line 371.
Package textcomp Info: Setting dayroms sub-encoding to TS1/3 on input line 372.

Package textcomp Info: Setting pxr sub-encoding to TS1/0 on input line 373.
Package textcomp Info: Setting pxss sub-encoding to TS1/0 on input line 374.
Package textcomp Info: Setting pxtt sub-encoding to TS1/0 on input line 375.
Package textcomp Info: Setting txr sub-encoding to TS1/0 on input line 376.
Package textcomp Info: Setting txss sub-encoding to TS1/0 on input line 377.
Package textcomp Info: Setting txtt sub-encoding to TS1/0 on input line 378.
Package textcomp Info: Setting lmr sub-encoding to TS1/0 on input line 379.
Package textcomp Info: Setting lmdh sub-encoding to TS1/0 on input line 380.
Package textcomp Info: Setting lmss sub-encoding to TS1/0 on input line 381.
Package textcomp Info: Setting lmssq sub-encoding to TS1/0 on input line 382.
Package textcomp Info: Setting lmvtt sub-encoding to TS1/0 on input line 383.
Package textcomp Info: Setting lmtt sub-encoding to TS1/0 on input line 384.
Package textcomp Info: Setting qhv sub-encoding to TS1/0 on input line 385.
Package textcomp Info: Setting qag sub-encoding to TS1/0 on input line 386.
Package textcomp Info: Setting qbk sub-encoding to TS1/0 on input line 387.
Package textcomp Info: Setting qcr sub-encoding to TS1/0 on input line 388.
Package textcomp Info: Setting qcs sub-encoding to TS1/0 on input line 389.
Package textcomp Info: Setting qpl sub-encoding to TS1/0 on input line 390.
Package textcomp Info: Setting qtm sub-encoding to TS1/0 on input line 391.
Package textcomp Info: Setting qzc sub-encoding to TS1/0 on input line 392.
Package textcomp Info: Setting qhvc sub-encoding to TS1/0 on input line 393.
Package textcomp Info: Setting futs sub-encoding to TS1/4 on input line 394.
Package textcomp Info: Setting futx sub-encoding to TS1/4 on input line 395.
Package textcomp Info: Setting futj sub-encoding to TS1/4 on input line 396.
Package textcomp Info: Setting hlh sub-encoding to TS1/3 on input line 397.
Package textcomp Info: Setting hls sub-encoding to TS1/3 on input line 398.
Package textcomp Info: Setting hlst sub-encoding to TS1/3 on input line 399.
Package textcomp Info: Setting hlct sub-encoding to TS1/5 on input line 400.
Package textcomp Info: Setting hlx sub-encoding to TS1/5 on input line 401.
Package textcomp Info: Setting hlce sub-encoding to TS1/5 on input line 402.
Package textcomp Info: Setting hlcn sub-encoding to TS1/5 on input line 403.
Package textcomp Info: Setting hlcw sub-encoding to TS1/5 on input line 404.
Package textcomp Info: Setting hlcf sub-encoding to TS1/5 on input line 405.
Package textcomp Info: Setting pplx sub-encoding to TS1/3 on input line 406.
Package textcomp Info: Setting pplj sub-encoding to TS1/3 on input line 407.
Package textcomp Info: Setting ptmx sub-encoding to TS1/4 on input line 408.
Package textcomp Info: Setting ptmj sub-encoding to TS1/4 on input line 409.
)
(/usr/share/texlive/texmf-dist/tex/latex/fancyhdr/fancyhdr.sty
\fancy@headwidth=\skip75
\f@ncyO@elh=\skip76
\f@ncyO@erh=\skip77
\f@ncyO@olh=\skip78
\f@ncyO@orh=\skip79
\f@ncyO@elf=\skip80
\f@ncyO@erf=\skip81
\f@ncyO@olf=\skip82
\f@ncyO@orf=\skip83
)
(/usr/share/texlive/texmf-dist/tex/latex/xcolor/xcolor.sty
Package: xcolor 2016/05/11 v2.12 LaTeX color extensions (UK)

(/usr/share/texlive/texmf-dist/tex/latex/graphics-cfg/color.cfg
File: color.cfg 2016/01/02 v1.6 sample color configuration
)
Package xcolor Info: Package option `usenames' ignored on input line 216.
Package xcolor Info: Driver file: pdftex.def on input line 225.

(/usr/share/texlive/texmf-dist/tex/latex/graphics-def/pdftex.def
File: pdftex.def 2016/07/10 v0.06j Graphics/color for pdfTeX
\Gread@gobject=\count108
)
Package xcolor Info: Model `cmy' substituted by `cmy0' on input line 1348.
Package xcolor Info: Model `hsb' substituted by `rgb' on input line 1352.
Package xcolor Info: Model `RGB' extended on input line 1364.
Package xcolor Info: Model `HTML' substituted by `rgb' on input line 1366.
Package xcolor Info: Model `Hsb' substituted by `hsb' on input line 1367.
Package xcolor Info: Model `tHsb' substituted by `hsb' on input line 1368.
Package xcolor Info: Model `HSB' substituted by `hsb' on input line 1369.
Package xcolor Info: Model `Gray' substituted by `gray' on input line 1370.
Package xcolor Info: Model `wave' substituted by `hsb' on input line 1371.

(/usr/share/texlive/texmf-dist/tex/latex/graphics/dvipsnam.def
File: dvipsnam.def 2016/06/17 v3.0m Driver-dependent file (DPC,SPQR)
)
(/usr/share/texlive/texmf-dist/tex/latex/xcolor/svgnam.def
File: svgnam.def 2016/05/11 v2.12 Predefined colors according to SVG 1.1 (UK)
))
\langwohyphens=\language83

(/usr/share/texlive/texmf-dist/tex/latex/tools/multicol.sty
Package: multicol 2016/04/07 v1.8p multicolumn formatting (FMi)
\c@tracingmulticols=\count109
\mult@box=\box30
\multicol@leftmargin=\dimen124
\c@unbalance=\count110
\c@collectmore=\count111
\doublecol@number=\count112
\multicoltolerance=\count113
\multicolpretolerance=\count114
\full@width=\dimen125
\page@free=\dimen126
\premulticols=\dimen127
\postmulticols=\dimen128
\multicolsep=\skip84
\multicolbaselineskip=\skip85
\partial@page=\box31
\last@line=\box32
\maxbalancingoverflow=\dimen129
\mult@rightbox=\box33
\mult@grightbox=\box34
\mult@gfirstbox=\box35
\mult@firstbox=\box36
\@tempa=\box37
\@tempa=\box38
\@tempa=\box39
\@tempa=\box40
\@tempa=\box41
\@tempa=\box42
\@tempa=\box43
\@tempa=\box44
\@tempa=\box45
\@tempa=\box46
\@tempa=\box47
\@tempa=\box48
\@tempa=\box49
\@tempa=\box50
\@tempa=\box51
\@tempa=\box52
\@tempa=\box53
\c@columnbadness=\count115
\c@finalcolumnbadness=\count116
\last@try=\dimen130
\multicolovershoot=\dimen131
\multicolundershoot=\dimen132
\mult@nat@firstbox=\box54
\colbreak@box=\box55
\mc@col@check@num=\count117
))
(./tufte-book-local.tex)
Class tufte-book Info: Loading tufte-book-local.tex.
)

Package hyperref Warning: Unexpected value `[rgb]{0 0.455 0.694}'
(hyperref)                of option `colorlinks' instead of
(hyperref)                `true' or 'false' on input line 9.

(/usr/share/texlive/texmf-dist/tex/generic/babel/babel.sty
Package: babel 2016/04/23 3.9r The Babel package

(/usr/share/texlive/texmf-dist/tex/generic/babel-spanish/spanish.ldf
Language: spanish.ldf 2016/03/03 v5.0p Spanish support from the babel system

(/usr/share/texlive/texmf-dist/tex/generic/babel/babel.def
File: babel.def 2016/04/23 3.9r Babel common definitions
\babel@savecnt=\count118
\U@D=\dimen133
)
\es@quottoks=\toks19
\es@quotdepth=\count119
Package babel Info: Making " an active character on input line 561.
Package babel Info: Making . an active character on input line 662.
Package babel Info: Making < an active character on input line 707.
Package babel Info: Making > an active character on input line 707.
))
(/usr/share/texlive/texmf-dist/tex/latex/base/inputenc.sty
Package: inputenc 2015/03/17 v1.2c Input encoding file
\inpenc@prehook=\toks20
\inpenc@posthook=\toks21

(/usr/share/texlive/texmf-dist/tex/latex/base/latin1.def
File: latin1.def 2015/03/17 v1.2c Input encoding file
))
(/usr/share/texlive/texmf-dist/tex/latex/microtype/microtype.sty
Package: microtype 2016/05/14 v2.6a Micro-typographical refinements (RS)
\MT@toks=\toks22
\MT@count=\count120
LaTeX Info: Redefining \textls on input line 774.
\MT@outer@kern=\dimen134
LaTeX Info: Redefining \textmicrotypecontext on input line 1310.
\MT@listname@count=\count121

(/usr/share/texlive/texmf-dist/tex/latex/microtype/microtype-pdftex.def
File: microtype-pdftex.def 2016/05/14 v2.6a Definitions specific to pdftex (RS)

LaTeX Info: Redefining \lsstyle on input line 916.
LaTeX Info: Redefining \lslig on input line 916.
\MT@outer@space=\skip86
)
Package microtype Info: Loading configuration file microtype.cfg.

(/usr/share/texlive/texmf-dist/tex/latex/microtype/microtype.cfg
File: microtype.cfg 2016/05/14 v2.6a microtype main configuration file (RS)
))
(/usr/share/texlive/texmf-dist/tex/latex/lipsum/lipsum.sty
Package: lipsum 2014/07/27 v1.3 150 paragraphs of Lorem Ipsum dummy text
\c@lips@count=\count122
)
(/usr/share/texlive/texmf-dist/tex/latex/booktabs/booktabs.sty
Package: booktabs 2016/04/27 v1.618033 publication quality tables
\heavyrulewidth=\dimen135
\lightrulewidth=\dimen136
\cmidrulewidth=\dimen137
\belowrulesep=\dimen138
\belowbottomsep=\dimen139
\aboverulesep=\dimen140
\abovetopsep=\dimen141
\cmidrulesep=\dimen142
\cmidrulekern=\dimen143
\defaultaddspace=\dimen144
\@cmidla=\count123
\@cmidlb=\count124
\@aboverulesep=\dimen145
\@belowrulesep=\dimen146
\@thisruleclass=\count125
\@lastruleclass=\count126
\@thisrulewidth=\dimen147
)
(/usr/share/texlive/texmf-dist/tex/latex/graphics/graphicx.sty
Package: graphicx 2014/10/28 v1.0g Enhanced LaTeX Graphics (DPC,SPQR)

(/usr/share/texlive/texmf-dist/tex/latex/graphics/graphics.sty
Package: graphics 2016/07/10 v1.0t Standard LaTeX Graphics (DPC,SPQR)

(/usr/share/texlive/texmf-dist/tex/latex/graphics/trig.sty
Package: trig 2016/01/03 v1.10 sin cos tan (DPC)
)
(/usr/share/texlive/texmf-dist/tex/latex/graphics-cfg/graphics.cfg
File: graphics.cfg 2016/06/04 v1.11 sample graphics configuration
)
Package graphics Info: Driver file: pdftex.def on input line 99.
)
\Gin@req@height=\dimen148
\Gin@req@width=\dimen149
)
(/usr/share/texlive/texmf-dist/tex/latex/fancyvrb/fancyvrb.sty
Package: fancyvrb 2008/02/07

Style option: `fancyvrb' v2.7a, with DG/SPQR fixes, and firstline=lastline fix 
<2008/02/07> (tvz)
\FV@CodeLineNo=\count127
\FV@InFile=\read1
\FV@TabBox=\box56
\c@FancyVerbLine=\count128
\FV@StepNumber=\count129
\FV@OutFile=\write3
) (/usr/share/texlive/texmf-dist/tex/latex/tools/xspace.sty
Package: xspace 2014/10/28 v1.13 Space after command names (DPC,MH)
)
(/usr/share/texlive/texmf-dist/tex/latex/base/makeidx.sty
Package: makeidx 2014/09/29 v1.0m Standard LaTeX package
)
\@indexfile=\write4
\openout4 = `Manual.idx'.


Writing index file Manual.idx
(/usr/share/texlive/texmf-dist/tex/latex/anyfontsize/anyfontsize.sty
Package: anyfontsize 2007/11/22 anyfontsize.sty by pts
)
(/usr/share/texlive/texmf-dist/tex/latex/base/fontenc.sty
Package: fontenc 2016/06/19 v1.99m Standard LaTeX package

(/usr/share/texlive/texmf-dist/tex/latex/base/t1enc.def
File: t1enc.def 2016/06/19 v1.99m Standard LaTeX file
LaTeX Font Info:    Redeclaring font encoding T1 on input line 48.
))
(/usr/share/texlive/texmf-dist/tex/latex/iwona/iwona.sty
Package: iwona 2005/10/03 v.1.2 Iwona package (MW)
\c@mv@iwona=\count130
\c@mv@iwonabold=\count131
LaTeX Font Info:    Overwriting symbol font `operators' in version `iwona'
(Font)                  OT1/pplx/m/n --> OT1/iwonam/m/n on input line 58.
LaTeX Font Info:    Overwriting symbol font `letters' in version `iwona'
(Font)                  OML/zplm/m/it --> OML/iwona/m/it on input line 59.
LaTeX Font Info:    Overwriting symbol font `symbols' in version `iwona'
(Font)                  OMS/zplm/m/n --> OMS/iwona/m/n on input line 60.
LaTeX Font Info:    Overwriting symbol font `largesymbols' in version `iwona'
(Font)                  OMX/zplm/m/n --> OMX/iwona/m/n on input line 61.
LaTeX Font Info:    Overwriting symbol font `operators' in version `iwonabold'
(Font)                  OT1/pplx/m/n --> OT1/iwonam/b/n on input line 62.
LaTeX Font Info:    Overwriting symbol font `letters' in version `iwonabold'
(Font)                  OML/zplm/m/it --> OML/iwona/b/it on input line 63.
LaTeX Font Info:    Overwriting symbol font `symbols' in version `iwonabold'
(Font)                  OMS/zplm/m/n --> OMS/iwona/b/n on input line 64.
LaTeX Font Info:    Overwriting symbol font `largesymbols' in version `iwonabol
d'
(Font)                  OMX/zplm/m/n --> OMX/iwona/b/n on input line 65.
LaTeX Font Info:    Overwriting math alphabet `\mathbf' in version `iwona'
(Font)                  OT1/cmr/bx/n --> OT1/iwona/bx/n on input line 67.
LaTeX Font Info:    Overwriting math alphabet `\mathsf' in version `iwona'
(Font)                  OT1/cmss/m/n --> OT1/iwona/m/n on input line 68.
LaTeX Font Info:    Overwriting math alphabet `\mathit' in version `iwona'
(Font)                  OT1/cmr/m/it --> OT1/iwona/m/it on input line 69.
LaTeX Font Info:    Overwriting math alphabet `\mathtt' in version `iwona'
(Font)                  OT1/cmtt/m/n --> OT1/iwona/m/n on input line 70.
LaTeX Font Info:    Overwriting math alphabet `\mathsf' in version `iwonabold'
(Font)                  OT1/cmss/m/n --> OT1/iwona/bx/n on input line 71.
LaTeX Font Info:    Overwriting math alphabet `\mathit' in version `iwonabold'
(Font)                  OT1/cmr/m/it --> OT1/iwona/bx/it on input line 72.
)
(/usr/share/texlive/texmf-dist/tex/latex/caption/subcaption.sty
Package: subcaption 2016/05/22 v1.1-161 Sub-captions (AR)

(/usr/share/texlive/texmf-dist/tex/latex/caption/caption.sty
Package: caption 2016/02/21 v3.3-144 Customizing captions (AR)

(/usr/share/texlive/texmf-dist/tex/latex/caption/caption3.sty
Package: caption3 2016/05/22 v1.7-166 caption3 kernel (AR)
Package caption3 Info: TeX engine: e-TeX on input line 67.
\captionmargin=\dimen150
\captionmargin@=\dimen151
\captionwidth=\dimen152
\caption@tempdima=\dimen153
\caption@indent=\dimen154
\caption@parindent=\dimen155
\caption@hangindent=\dimen156
)
\c@ContinuedFloat=\count132
Package caption Info: hyperref package is loaded.
)
\c@subfigure=\count133
\c@subtable=\count134
)
(/usr/share/texlive/texmf-dist/tex/latex/colortbl/colortbl.sty
Package: colortbl 2012/02/13 v1.0a Color table columns (DPC)

(/usr/share/texlive/texmf-dist/tex/latex/tools/array.sty
Package: array 2014/10/28 v2.4c Tabular extension package (FMi)
\col@sep=\dimen157
\extrarowheight=\dimen158
\NC@list=\toks23
\extratabsurround=\skip87
\backup@length=\skip88
)
\everycr=\toks24
\minrowclearance=\skip89
)
(/usr/share/texlive/texmf-dist/tex/latex/listings/listings.sty
\lst@mode=\count135
\lst@gtempboxa=\box57
\lst@token=\toks25
\lst@length=\count136
\lst@currlwidth=\dimen159
\lst@column=\count137
\lst@pos=\count138
\lst@lostspace=\dimen160
\lst@width=\dimen161
\lst@newlines=\count139
\lst@lineno=\count140
\lst@maxwidth=\dimen162

(/usr/share/texlive/texmf-dist/tex/latex/listings/lstmisc.sty
File: lstmisc.sty 2015/06/04 1.6 (Carsten Heinz)
\c@lstnumber=\count141
\lst@skipnumbers=\count142
\lst@framebox=\box58
)
(/usr/share/texlive/texmf-dist/tex/latex/listings/listings.cfg
File: listings.cfg 2015/06/04 1.6 listings configuration
))
Package: listings 2015/06/04 1.6 (Carsten Heinz)

(/usr/share/texlive/texmf-dist/tex/latex/float/float.sty
Package: float 2001/11/08 v1.3d Float enhancements (AL)
\c@float@type=\count143
\float@exts=\toks26
\float@box=\box59
\@float@everytoks=\toks27
\@floatcapt=\box60
)

Package hyperref Warning: Token not allowed in a PDF string (Unicode):
(hyperref)                removing `\language' on input line 99.


Package hyperref Warning: Token not allowed in a PDF string (Unicode):
(hyperref)                removing `\langwohyphens' on input line 99.


Package hyperref Warning: Token not allowed in a PDF string (Unicode):
(hyperref)                removing `\let' on input line 99.


Package hyperref Warning: Token not allowed in a PDF string (Unicode):
(hyperref)                removing `\<let>-command' on input line 99.

(./Manual.aux
LaTeX Info: Redefining \. on input line 23.
LaTeX Info: Redefining \% on input line 23.
)
\openout1 = `Manual.aux'.

LaTeX Font Info:    Checking defaults for OML/cmm/m/it on input line 106.
LaTeX Font Info:    ... okay on input line 106.
LaTeX Font Info:    Checking defaults for T1/cmr/m/n on input line 106.
LaTeX Font Info:    ... okay on input line 106.
LaTeX Font Info:    Checking defaults for OT1/cmr/m/n on input line 106.
LaTeX Font Info:    ... okay on input line 106.
LaTeX Font Info:    Checking defaults for OMS/cmsy/m/n on input line 106.
LaTeX Font Info:    ... okay on input line 106.
LaTeX Font Info:    Checking defaults for OMX/cmex/m/n on input line 106.
LaTeX Font Info:    ... okay on input line 106.
LaTeX Font Info:    Checking defaults for U/cmr/m/n on input line 106.
LaTeX Font Info:    ... okay on input line 106.
LaTeX Font Info:    Checking defaults for PD1/pdf/m/n on input line 106.
LaTeX Font Info:    ... okay on input line 106.
LaTeX Font Info:    Checking defaults for PU/pdf/m/n on input line 106.
LaTeX Font Info:    ... okay on input line 106.
LaTeX Font Info:    Checking defaults for TS1/cmr/m/n on input line 106.
LaTeX Font Info:    Try loading font information for TS1+cmr on input line 106.

 (/usr/share/texlive/texmf-dist/tex/latex/base/ts1cmr.fd
File: ts1cmr.fd 2014/09/29 v2.5h Standard LaTeX font definitions
)
LaTeX Font Info:    ... okay on input line 106.
LaTeX Font Info:    Try loading font information for T1+iwona on input line 106
.

(/usr/share/texlive/texmf-dist/tex/latex/iwona/t1iwona.fd
File: t1iwona.fd 2008/07/22 v0.995 font definition file for T1/iwona (MW)
)
\AtBeginShipoutBox=\box61
Package hyperref Info: Link coloring OFF on input line 106.

(/usr/share/texlive/texmf-dist/tex/latex/hyperref/nameref.sty
Package: nameref 2016/05/21 v2.44 Cross-referencing by name of section

(/usr/share/texlive/texmf-dist/tex/generic/oberdiek/gettitlestring.sty
Package: gettitlestring 2016/05/16 v1.5 Cleanup title references (HO)
)
\c@section@level=\count144
)
LaTeX Info: Redefining \ref on input line 106.
LaTeX Info: Redefining \pageref on input line 106.
LaTeX Info: Redefining \nameref on input line 106.

(./Manual.out) (./Manual.out)
\@outlinefile=\write5
\openout5 = `Manual.out'.

 ABD: EverySelectfont initializing macros
LaTeX Info: Redefining \selectfont on input line 106.

*geometry* driver: auto-detecting
*geometry* detected driver: pdftex
*geometry* verbose mode - [ preamble ] result:
* driver: pdftex
* paper: letterpaper
* layout: <same size as paper>
* layoutoffset:(h,v)=(0.0pt,0.0pt)
* modes: twoside 
* h-part:(L,W,R)=(72.26999pt, 312.0pt, 230.02501pt)
* v-part:(T,H,B)=(72.26999pt, 616.0pt, 106.7pt)
* \paperwidth=614.295pt
* \paperheight=794.96999pt
* \textwidth=312.0pt
* \textheight=616.0pt
* \oddsidemargin=0.0pt
* \evensidemargin=157.75502pt
* \topmargin=-42.0pt
* \headheight=14.0pt
* \headsep=28.0pt
* \topskip=10.0pt
* \footskip=25.29494pt
* \marginparwidth=144.0pt
* \marginparsep=24.0pt
* \columnsep=10.0pt
* \skip\footins=9.0pt plus 4.0pt minus 2.0pt
* \hoffset=0.0pt
* \voffset=0.0pt
* \mag=1000
* \@twocolumnfalse
* \@twosidetrue
* \@mparswitchtrue
* \@reversemarginfalse
* (1in=72.27pt=25.4mm, 1cm=28.453pt)

LaTeX Info: Redefining \microtypecontext on input line 106.
Package microtype Info: Generating PDF output.
Package microtype Info: Character protrusion enabled (level 2).
Package microtype Info: Using default protrusion set `alltext'.
Package microtype Info: Automatic font expansion enabled (level 2),
(microtype)             stretch: 20, shrink: 20, step: 1, non-selected.
Package microtype Info: Using default expansion set `basictext'.
Package microtype Info: No adjustment of tracking.
Package microtype Info: No adjustment of interword spacing.
Package microtype Info: No adjustment of character kerning.
Package microtype Info: Loading generic settings for font family
(microtype)             `iwona' (encoding: T1).
(microtype)             For optimal results, create family-specific settings.
(microtype)             See the microtype manual for details.
\big@size=\dimen163
(/usr/share/texlive/texmf-dist/tex/context/base/mkii/supp-pdf.mkii
[Loading MPS to PDF converter (version 2006.09.02).]
\scratchcounter=\count145
\scratchdimen=\dimen164
\scratchbox=\box62
\nofMPsegments=\count146
\nofMParguments=\count147
\everyMPshowfont=\toks28
\MPscratchCnt=\count148
\MPscratchDim=\dimen165
\MPnumerator=\count149
\makeMPintoPDFobject=\count150
\everyMPtoPDFconversion=\toks29
) (/usr/share/texlive/texmf-dist/tex/latex/oberdiek/epstopdf-base.sty
Package: epstopdf-base 2016/05/15 v2.6 Base part for package epstopdf

(/usr/share/texlive/texmf-dist/tex/latex/oberdiek/grfext.sty
Package: grfext 2016/05/16 v1.2 Manage graphics extensions (HO)
)
Package epstopdf-base Info: Redefining graphics rule for `.eps' on input line 4
38.
Package grfext Info: Graphics extension search list:
(grfext)             [.png,.pdf,.jpg,.mps,.jpeg,.jbig2,.jb2,.PNG,.PDF,.JPG,.JPE
G,.JBIG2,.JB2,.eps]
(grfext)             \AppendGraphicsExtensions on input line 456.

(/usr/share/texlive/texmf-dist/tex/latex/latexconfig/epstopdf-sys.cfg
File: epstopdf-sys.cfg 2010/07/13 v1.3 Configuration of (r)epstopdf for TeX Liv
e
))
LaTeX Info: Redefining \. on input line 106.
LaTeX Info: Redefining \% on input line 106.
Package caption Info: Begin \AtBeginDocument code.
Package caption Info: Incompatible package detected (regarding \@caption).
(caption)             \@caption = \long macro:#1[#2]#3->\par \addcontentsline {
\csname ext@#1\endcsname }{#1}{\protect \numberline {\csname the#1\endcsname }{
\ignorespaces #2}}\begingroup \@parboxrestore \if@minipage \@setminipage \fi \@
tufte@caption@font \@tufte@caption@justification \noindent \csname fnum@#1\endc
sname : \ignorespaces #3\par \endgroup .


Package caption Warning: Forced redefinition of \caption since the
(caption)                unsupported(!) package option `compatibility=false'
(caption)                was given.
See the caption package documentation for explanation.

Package caption Info: float package is loaded.
Package caption Info: listings package is loaded.
Package caption Info: End \AtBeginDocument code.
\c@lstlisting=\count151
LaTeX Font Info:    Try loading font information for T1+phv on input line 123.
(/usr/share/texlive/texmf-dist/tex/latex/psnfss/t1phv.fd
File: t1phv.fd 2001/06/04 scalable font definitions for T1/phv.
)
LaTeX Font Info:    Font shape `T1/phv/m/n' will be
(Font)              scaled to size 8.99994pt on input line 123.
Package microtype Info: Loading generic settings for font family
(microtype)             `phv' (encoding: T1).
(microtype)             For optimal results, create family-specific settings.
(microtype)             See the microtype manual for details.
LaTeX Font Info:    Font shape `T1/phv/m/n' will be
(Font)              scaled to size 16.19989pt on input line 123.
LaTeX Font Info:    Font shape `T1/phv/m/n' will be
(Font)              scaled to size 26.99982pt on input line 123.

Overfull \hbox (3.5734pt too wide) in paragraph at lines 123--123
[] []\T1/phv/m/n/30/200ls MANUAL DE OPERACIÓN DE 
 []

LaTeX Font Info:    Font shape `T1/phv/m/n' will be
(Font)              scaled to size 12.59991pt on input line 123.
[1



{/var/lib/texmf/fonts/map/pdftex/updmap/pdftex.map}]
LaTeX Font Info:    Try loading font information for TS1+iwona on input line 13
5.

(/usr/share/texlive/texmf-dist/tex/latex/iwona/ts1iwona.fd
File: ts1iwona.fd 2008/07/22 v0.995 font definition file for TS1/iwona (MW)
)
Package microtype Info: Loading generic settings for font family
(microtype)             `iwona' (encoding: TS1).
(microtype)             For optimal results, create family-specific settings.
(microtype)             See the microtype manual for details.
 [2

] (./Manual.toc
LaTeX Info: Redefining \. on input line 1.
LaTeX Info: Redefining \% on input line 1.
)
\tf@toc=\write6
\openout6 = `Manual.toc'.


[3

] [4

]
LaTeX Font Info:    Try loading font information for OT1+iwonam on input line 1
85.
 (/usr/share/texlive/texmf-dist/tex/latex/iwona/ot1iwonam.fd
File: ot1iwonam.fd 2005/10/05 v1.2 font definition file for OT1/iwonam (MW)
)
Package microtype Info: Loading generic settings for font family
(microtype)             `iwonam' (encoding: OT1).
(microtype)             For optimal results, create family-specific settings.
(microtype)             See the microtype manual for details.
LaTeX Font Info:    Try loading font information for OML+iwona on input line 18
5.

(/usr/share/texlive/texmf-dist/tex/latex/iwona/omliwona.fd
File: omliwona.fd 2008/07/22 v0.995 font definition file for OML/iwona (MW)
)
LaTeX Font Info:    Try loading font information for OMS+iwona on input line 18
5.

(/usr/share/texlive/texmf-dist/tex/latex/iwona/omsiwona.fd
File: omsiwona.fd 2008/07/22 v0.995 font definition file for OMS/iwona (MW)
)
LaTeX Font Info:    Try loading font information for OMX+iwona on input line 18
5.

(/usr/share/texlive/texmf-dist/tex/latex/iwona/omxiwona.fd
File: omxiwona.fd 2008/07/22 v0.995 font definition file for OMX/iwona (MW)
)
LaTeX Font Info:    Try loading font information for OT1+zplm on input line 185
.

(/usr/share/texlive/texmf-dist/tex/latex/psnfss/ot1zplm.fd
File: ot1zplm.fd 2002/09/08 Fontinst v1.914 font definitions for OT1/zplm.
)
Package microtype Info: Loading generic settings for font family
(microtype)             `zplm' (encoding: OT1).
(microtype)             For optimal results, create family-specific settings.
(microtype)             See the microtype manual for details.

Overfull \hbox (0.13351pt too wide) in paragraph at lines 185--186
\T1/iwona/m/n/10 (+7) polarizadores. Este barrido incluye 10 ángulos de polariz
ación para XPL 
 []

<graphics/LOGOONEGEOblue.pdf, id=89, 795.97375pt x 202.7575pt>
File: graphics/LOGOONEGEOblue.pdf Graphic file (type pdf)

<use graphics/LOGOONEGEOblue.pdf>
Package pdftex.def Info: graphics/LOGOONEGEOblue.pdf used on input line 190.
(pdftex.def)             Requested size: 143.99782pt x 36.6804pt.
 [5

 <./graphics/LOGOONEGEOblue.pdf>] [6

]
<graphics/launch.png, id=111, 220.825pt x 128.48pt>
File: graphics/launch.png Graphic file (type png)
 <use graphics/launch.png>
Package pdftex.def Info: graphics/launch.png used on input line 229.
(pdftex.def)             Requested size: 85.3565pt x 49.66197pt.

Underfull \hbox (badness 10000) in paragraph at lines 232--232
[]\T1/iwona/m/n/10 (+15) Figura 1: |Icono de Launch Cap-tu-
 []

(/usr/share/texlive/texmf-dist/tex/latex/listings/lstlang1.sty
File: lstlang1.sty 2015/06/04 1.6 listings language file
)
(/usr/share/texlive/texmf-dist/tex/latex/listings/lstlang1.sty
File: lstlang1.sty 2015/06/04 1.6 listings language file
)
LaTeX Font Info:    Try loading font information for T1+fvm on input line 238.

(/usr/share/texlive/texmf-dist/tex/latex/bera/t1fvm.fd
File: t1fvm.fd 2004/09/07 scalable font definitions for T1/fvm.
)
LaTeX Font Info:    Font shape `T1/fvm/m/n' will be
(Font)              scaled to size 8.50006pt on input line 238.
Package microtype Info: Loading generic settings for font family
(microtype)             `fvm' (encoding: T1).
(microtype)             For optimal results, create family-specific settings.
(microtype)             See the microtype manual for details.

<graphics/screen.pdf, id=112, 621.32124pt x 299.1175pt>
File: graphics/screen.pdf Graphic file (type pdf)

<use graphics/screen.pdf>
Package pdftex.def Info: graphics/screen.pdf used on input line 246.
(pdftex.def)             Requested size: 283.54538pt x 136.50488pt.

Underfull \hbox (badness 10000) in paragraph at lines 248--248
[]\T1/iwona/m/n/10 (+20) Figura 2: |Ven-ta-nas ini-cia-les de
 []

[7 <./graphics/launch.png> <./graphics/screen.pdf>]
<graphics/camset.png, id=129, 678.535pt x 529.98pt>
File: graphics/camset.png Graphic file (type png)
 <use graphics/camset.png>
Package pdftex.def Info: graphics/camset.png used on input line 261.
(pdftex.def)             Requested size: 255.09192pt x 199.24338pt.

Underfull \hbox (badness 10000) in paragraph at lines 263--263
[]\T1/iwona/m/n/10 (+20) Figura 3: |Con-fi-gu-ra-ción de ex-po-
 []

<graphics/lamp.png, id=130, 679.53876pt x 161.60374pt>
File: graphics/lamp.png Graphic file (type png)
 <use graphics/lamp.png>
Package pdftex.def Info: graphics/lamp.png used on input line 269.
(pdftex.def)             Requested size: 255.096pt x 60.66536pt.

Underfull \hbox (badness 10000) in paragraph at lines 271--271
[]\T1/iwona/m/n/10 (+20) Figura 4: |Con-fi-gu-ra-ción de ex-po-
 []

[8 <./graphics/camset.png> <./graphics/lamp.png>]
<graphics/camsaturation.png, id=137, 365.365pt x 244.915pt>
File: graphics/camsaturation.png Graphic file (type png)

<use graphics/camsaturation.png>
Package pdftex.def Info: graphics/camsaturation.png used on input line 284.
(pdftex.def)             Requested size: 226.64102pt x 151.9242pt.
LaTeX Info: Redefining \. on input line 295.
LaTeX Info: Redefining \% on input line 295.
 [9 <./graphics/camsaturation.png>]
<graphics/Shutter.png, id=146, 323.2075pt x 49.18375pt>
File: graphics/Shutter.png Graphic file (type png)

<use graphics/Shutter.png>
Package pdftex.def Info: graphics/Shutter.png used on input line 305.
(pdftex.def)             Requested size: 240.86632pt x 36.65355pt.

Underfull \hbox (badness 10000) in paragraph at lines 307--307
[]\T1/iwona/m/n/10 (+20) Figura 6: |Mo-di-fi-ca-ción de la
 []


Underfull \hbox (badness 10000) in paragraph at lines 307--307
\T1/iwona/m/n/10 (+20) ve-lo-ci-dad de ob-tu-ra-ción de la
 []

[10 <./graphics/Shutter.png>]
Overfull \hbox (0.10991pt too wide) in paragraph at lines 332--333
[]\T1/iwona/m/n/10 (+8) Se debe tener cuidado a la hora de manipular las seccio
nes delgadas, 
 []

<graphics/onpano.jpg, id=154, 4175.6pt x 3131.7pt>
File: graphics/onpano.jpg Graphic file (type jpg)
 <use graphics/onpano.jpg>
Package pdftex.def Info: graphics/onpano.jpg used on input line 337.
(pdftex.def)             Requested size: 240.84059pt x 180.63045pt.

Underfull \hbox (badness 10000) in paragraph at lines 339--339
[]\T1/iwona/m/n/10 (+20) Figura 7: |sec-ción del-ga-da so-bre
 []

[11

 <./graphics/onpano.jpg>]
<graphics/cleansd.pdf, id=161, 795.97375pt x 299.1175pt>
File: graphics/cleansd.pdf Graphic file (type pdf)

<use graphics/cleansd.pdf>
Package pdftex.def Info: graphics/cleansd.pdf used on input line 352.
(pdftex.def)             Requested size: 311.9953pt x 117.24413pt.

Underfull \hbox (badness 10000) in paragraph at lines 356--356
[]\T1/iwona/m/n/10 (+20) Figura 8: |Fro-tar sua-ve-men-te la
 []

<graphics/frame.jpg, id=162, 4175.6pt x 3131.7pt>
File: graphics/frame.jpg Graphic file (type jpg)
 <use graphics/frame.jpg>
Package pdftex.def Info: graphics/frame.jpg used on input line 367.
(pdftex.def)             Requested size: 226.63228pt x 169.9742pt.

Underfull \hbox (badness 10000) in paragraph at lines 369--369
[]\T1/iwona/m/n/10 (+20) Figura 9: |Ase-gu-rar la mues-tra en
 []

[12 <./graphics/cleansd.pdf> <./graphics/frame.jpg>]

Package hyperref Warning: Suppressing empty link on input line 374.


Package hyperref Warning: Suppressing empty link on input line 374.

<graphics/foam.jpg, id=174, 4175.6pt x 3131.7pt>
File: graphics/foam.jpg Graphic file (type jpg)
 <use graphics/foam.jpg>
Package pdftex.def Info: graphics/foam.jpg used on input line 381.
(pdftex.def)             Requested size: 178.20929pt x 133.65697pt.

Underfull \hbox (badness 10000) in paragraph at lines 383--383
[]\T1/iwona/m/n/10 (+20) Figura 10: |El mar-co acrí-li-co
 []

<graphics/sampleset.png, id=175, 683.55376pt x 493.845pt>
File: graphics/sampleset.png Graphic file (type png)

<use graphics/sampleset.png>
Package pdftex.def Info: graphics/sampleset.png used on input line 390.
(pdftex.def)             Requested size: 255.09084pt x 184.2947pt.

Underfull \hbox (badness 10000) in paragraph at lines 392--392
[]\T1/iwona/m/n/10 (+20) Figura 11: |El mar-co acrí-li-co
 []


Package hyperref Warning: Suppressing empty link on input line 396.


Package hyperref Warning: Suppressing empty link on input line 396.

[13

 <./graphics/foam.jpg> <./graphics/sampleset.png>]

LaTeX Warning: Marginpar on page 14 moved.

[14]
Overfull \hbox (4.25793pt too wide) in paragraph at lines 407--408
\T1/iwona/b/n/10 check_pending.sh\T1/iwona/m/n/10 (-20) , ubi-ca-do nor-mal-men
-te en \T1/iwona/b/n/10 /da-ta1/images/stage/pending\T1/iwona/m/n/10 (-20) . 
 []


LaTeX Warning: Marginpar on page 15 moved.


LaTeX Warning: Marginpar on page 15 moved.


Underfull \vbox (badness 2080) has occurred while \output is active []

 [15

]
Overfull \hbox (0.11285pt too wide) in paragraph at lines 440--441
\T1/iwona/m/n/10 (+6) ge-ne-ran los en-sam-bles de las mues-tras (car-pe-ta "\T
1/iwona/b/n/10 ensembles\T1/iwona/m/n/10 (+6) ", fi-ja-da en el 
 []

[16] <graphics/BaseRetro.jpg, id=204, 4175.6pt x 3131.7pt>
File: graphics/BaseRetro.jpg Graphic file (type jpg)

<use graphics/BaseRetro.jpg>
Package pdftex.def Info: graphics/BaseRetro.jpg used on input line 449.
(pdftex.def)             Requested size: 255.04892pt x 191.28668pt.

Underfull \hbox (badness 10000) in paragraph at lines 451--451
[]\T1/iwona/m/n/10 (+20) Figura 12: |Ba-se pa-ra la to-ma de
 []

<graphics/retroilu.jpg, id=205, 976.1268pt x 647.5392pt>
File: graphics/retroilu.jpg Graphic file (type jpg)

<use graphics/retroilu.jpg>
Package pdftex.def Info: graphics/retroilu.jpg used on input line 456.
(pdftex.def)             Requested size: 255.09769pt x 169.22571pt.

Underfull \hbox (badness 10000) in paragraph at lines 458--458
[]\T1/iwona/m/n/10 (+20) Figura 13: |Mues-tra so-bre ba-se
 []


LaTeX Warning: Marginpar on page 17 moved.

<graphics/officeLens.png, id=206, 722.7pt x 1284.8pt>
File: graphics/officeLens.png Graphic file (type png)

<use graphics/officeLens.png>
Package pdftex.def Info: graphics/officeLens.png used on input line 469.
(pdftex.def)             Requested size: 169.73528pt x 301.7516pt.

Underfull \hbox (badness 10000) in paragraph at lines 471--471
[]\T1/iwona/m/n/10 (+20) Figura 14: |Apli-ca-ción pro-pues-ta
 []


LaTeX Warning: `h' float specifier changed to `ht'.

<graphics/Lens1.png, id=207, 722.7pt x 1284.8pt>
File: graphics/Lens1.png Graphic file (type png)
 <use graphics/Lens1.png>
Package pdftex.def Info: graphics/Lens1.png used on input line 479.
(pdftex.def)             Requested size: 169.73528pt x 301.7516pt.


LaTeX Warning: `h' float specifier changed to `ht'.

<graphics/Lens2.png, id=208, 722.7pt x 1284.8pt>
File: graphics/Lens2.png Graphic file (type png)
 <use graphics/Lens2.png>
Package pdftex.def Info: graphics/Lens2.png used on input line 488.
(pdftex.def)             Requested size: 169.73528pt x 301.7516pt.

Underfull \hbox (badness 10000) in paragraph at lines 490--490
[]\T1/iwona/m/n/10 (+20) Figura 16: |Afi-na-ción de cor-te en
 []


LaTeX Warning: `h' float specifier changed to `ht'.

LaTeX Info: Redefining \. on input line 494.
LaTeX Info: Redefining \% on input line 494.
[17 <./graphics/BaseRetro.jpg> <./graphics/retroilu.jpg>] [18 <./graphics/offic
eLens.png> <./graphics/Lens1.png>]
LaTeX Info: Redefining \. on input line 494.
LaTeX Info: Redefining \% on input line 494.
 [19 <./graphics/Lens2.png>] [20

]
No file Manual.ind.

Package bibentry Warning: You have used \nobibliography* 
(bibentry)                without a following \bibliography.
(bibentry)                You may not be able to run BibTeX.

Package atveryend Info: Empty hook `BeforeClearDocument' on input line 504.
Package atveryend Info: Empty hook `AfterLastShipout' on input line 504.
(./Manual.aux
LaTeX Info: Redefining \. on input line 23.
LaTeX Info: Redefining \% on input line 23.
)
Package atveryend Info: Executing hook `AtVeryEndDocument' on input line 504.
Package atveryend Info: Executing hook `AtEndAfterFileList' on input line 504.
Package rerunfilecheck Info: File `Manual.out' has not changed.
(rerunfilecheck)             Checksum: 9D0C0D5C592078B665969A9120898F3A;1947.
Package atveryend Info: Empty hook `AtVeryVeryEnd' on input line 504.
 ) 
Here is how much of TeX's memory you used:
 18485 strings out of 493013
 270648 string characters out of 6135682
 508073 words of memory out of 5000000
 21588 multiletter control sequences out of 15000+600000
 100577 words of font info for 105 fonts, out of 8000000 for 9000
 1141 hyphenation exceptions out of 8191
 59i,12n,99p,863b,1180s stack positions out of 5000i,500n,10000p,200000b,80000s
{/usr/share/texlive/texmf-dist/fonts/enc/dvips/base/8r.enc}{/usr/share/texliv
e/texmf-dist/fonts/enc/dvips/iwona/ec-iwona.enc}{/usr/share/texlive/texmf-dist/
fonts/enc/dvips/iwona/rm-iwona.enc}{/usr/share/texlive/texmf-dist/fonts/enc/dvi
ps/iwona/sy-iwona.enc}{/usr/share/texlive/texmf-dist/fonts/enc/dvips/iwona/ec-i
wona-sc.enc}{/usr/share/texlive/texmf-dist/fonts/enc/dvips/iwona/ts1-iwona.enc}
</usr/share/texlive/texmf-dist/fonts/type1/public/amsfonts/cm/cmr10.pfb></usr/s
hare/texlive/texmf-dist/fonts/type1/public/bera/fvmr8a.pfb></usr/share/texlive/
texmf-dist/fonts/type1/nowacki/iwona/iwonab.pfb></usr/share/texlive/texmf-dist/
fonts/type1/nowacki/iwona/iwonabi.pfb></usr/share/texlive/texmf-dist/fonts/type
1/nowacki/iwona/iwonar.pfb></usr/share/texlive/texmf-dist/fonts/type1/nowacki/i
wona/iwonari.pfb></usr/share/texlive/texmf-dist/fonts/type1/urw/helvetic/uhvr8a
.pfb>
Output written on Manual.pdf (20 pages, 30035962 bytes).
PDF statistics:
 282 PDF objects out of 1000 (max. 8388607)
 221 compressed objects within 3 object streams
 65 named destinations out of 1000 (max. 500000)
 32446 words of extra memory for PDF output out of 35830 (max. 10000000)

